<?xml version="1.0" encoding="UTF-8"?>
<!-- Generated by org.testng.reporters.JUnitReportReporter -->
<testsuite hostname="DESKTOP-5A260Q6" failures="0" tests="1" name="test.CategoryTest" time="1.321" errors="0" timestamp="2025-04-20T14:59:55 IST" skipped="0">
  <testcase classname="test.CategoryTest" name="testCategoryDisplay" time="1.321"/>
</testsuite> <!-- test.CategoryTest -->
